<?xml version="1.0" encoding="UTF-8"?>
<!-- Generated by org.testng.reporters.JUnitReportReporter -->
<testsuite skipped="0" hostname="CDC2-L-JDW2GW2" name="learnExcel.ExcelLearning" tests="3" failures="0" timestamp="2020-06-23T16:15:51 IST" time="35.654" errors="0">
  <testcase name="test" time="10.572" classname="learnExcel.ExcelLearning"/>
  <system-out/>
  <testcase name="test" time="11.827" classname="learnExcel.ExcelLearning"/>
  <system-out/>
  <testcase name="test" time="13.255" classname="learnExcel.ExcelLearning"/>
  <system-out/>
</testsuite> <!-- learnExcel.ExcelLearning -->
