<?xml version="1.0" encoding="UTF-8"?>
<!-- Generated by org.testng.reporters.JUnitReportReporter -->
<testsuite skipped="0" hostname="CDC2-L-JDW2GW2" name="runner.TestCarWale" tests="1" failures="0" timestamp="2020-06-10T22:36:05 IST" time="16.512" errors="0">
  <testcase name="runScenario" time="16.512" classname="runner.TestCarWale"/>
  <system-out/>
</testsuite> <!-- runner.TestCarWale -->
