<?xml version="1.0" encoding="UTF-8"?>
<!-- Generated by org.testng.reporters.JUnitReportReporter -->
<testsuite skipped="1" hostname="CDC2-L-JDW2GW2" name="runner.TestHonda" tests="1" failures="0" timestamp="2020-06-19T11:03:26 IST" time="20.272" errors="0">
  <testcase name="runScenario" time="20.272" classname="runner.TestHonda">
    <skipped/>
  </testcase> <!-- runScenario -->
  <system-out/>
</testsuite> <!-- runner.TestHonda -->
