<?xml version="1.0" encoding="UTF-8"?>
<!-- Generated by org.testng.reporters.JUnitReportReporter -->
<testsuite skipped="0" hostname="CDC2-L-JDW2GW2" name="demo.Demo" tests="1" failures="0" timestamp="2020-06-26T15:15:54 IST" time="16.987" errors="0">
  <testcase name="Automation" time="16.987" classname="demo.Demo"/>
  <system-out/>
</testsuite> <!-- demo.Demo -->
