<?xml version="1.0" encoding="UTF-8"?>
<!-- Generated by org.testng.reporters.JUnitReportReporter -->
<testsuite skipped="0" hostname="CDC2-L-JDW2GW2" name="coreJava.JenkinsDemo" tests="1" failures="0" timestamp="2020-06-26T10:58:27 IST" time="21.748" errors="0">
  <testcase name="Automation" time="21.748" classname="coreJava.JenkinsDemo"/>
  <system-out/>
</testsuite> <!-- coreJava.JenkinsDemo -->
